CRITICAL - 2020-12-12 20:48:07 --> syntax error, unexpected '}', expecting ';' or ','
#0 /home/thediaf/projects/codeIgniter4Auth/system/Autoloader/Autoloader.php(296): CodeIgniter\Autoloader\Autoloader->requireFile()
#1 /home/thediaf/projects/codeIgniter4Auth/system/Autoloader/Autoloader.php(258): CodeIgniter\Autoloader\Autoloader->loadInNamespace()
#2 [internal function]: CodeIgniter\Autoloader\Autoloader->loadClass()
#3 [internal function]: spl_autoload_call()
#4 /home/thediaf/projects/codeIgniter4Auth/system/CodeIgniter.php(869): class_exists()
#5 /home/thediaf/projects/codeIgniter4Auth/system/CodeIgniter.php(394): CodeIgniter\CodeIgniter->startController()
#6 /home/thediaf/projects/codeIgniter4Auth/system/CodeIgniter.php(312): CodeIgniter\CodeIgniter->handleRequest()
#7 /home/thediaf/projects/codeIgniter4Auth/public/index.php(45): CodeIgniter\CodeIgniter->run()
#8 /home/thediaf/projects/codeIgniter4Auth/system/Commands/Server/rewrite.php(34): require_once('/home/thediaf/p...')
#9 {main}
CRITICAL - 2020-12-12 20:58:31 --> Call to undefined function set_value()
#0 /home/thediaf/projects/codeIgniter4Auth/system/View/View.php(246): include()
#1 /home/thediaf/projects/codeIgniter4Auth/system/Common.php(1119): CodeIgniter\View\View->render()
#2 /home/thediaf/projects/codeIgniter4Auth/app/Controllers/User.php(8): view()
#3 /home/thediaf/projects/codeIgniter4Auth/system/CodeIgniter.php(918): App\Controllers\User->index()
#4 /home/thediaf/projects/codeIgniter4Auth/system/CodeIgniter.php(404): CodeIgniter\CodeIgniter->runController()
#5 /home/thediaf/projects/codeIgniter4Auth/system/CodeIgniter.php(312): CodeIgniter\CodeIgniter->handleRequest()
#6 /home/thediaf/projects/codeIgniter4Auth/public/index.php(45): CodeIgniter\CodeIgniter->run()
#7 /home/thediaf/projects/codeIgniter4Auth/system/Commands/Server/rewrite.php(34): require_once('/home/thediaf/p...')
#8 {main}
CRITICAL - 2020-12-12 20:59:49 --> Call to undefined function set_value()
#0 /home/thediaf/projects/codeIgniter4Auth/system/View/View.php(246): include()
#1 /home/thediaf/projects/codeIgniter4Auth/system/Common.php(1119): CodeIgniter\View\View->render()
#2 /home/thediaf/projects/codeIgniter4Auth/app/Controllers/User.php(11): view()
#3 /home/thediaf/projects/codeIgniter4Auth/system/CodeIgniter.php(918): App\Controllers\User->index()
#4 /home/thediaf/projects/codeIgniter4Auth/system/CodeIgniter.php(404): CodeIgniter\CodeIgniter->runController()
#5 /home/thediaf/projects/codeIgniter4Auth/system/CodeIgniter.php(312): CodeIgniter\CodeIgniter->handleRequest()
#6 /home/thediaf/projects/codeIgniter4Auth/public/index.php(45): CodeIgniter\CodeIgniter->run()
#7 /home/thediaf/projects/codeIgniter4Auth/system/Commands/Server/rewrite.php(34): require_once('/home/thediaf/p...')
#8 {main}
CRITICAL - 2020-12-12 20:59:50 --> Call to undefined function set_value()
#0 /home/thediaf/projects/codeIgniter4Auth/system/View/View.php(246): include()
#1 /home/thediaf/projects/codeIgniter4Auth/system/Common.php(1119): CodeIgniter\View\View->render()
#2 /home/thediaf/projects/codeIgniter4Auth/app/Controllers/User.php(11): view()
#3 /home/thediaf/projects/codeIgniter4Auth/system/CodeIgniter.php(918): App\Controllers\User->index()
#4 /home/thediaf/projects/codeIgniter4Auth/system/CodeIgniter.php(404): CodeIgniter\CodeIgniter->runController()
#5 /home/thediaf/projects/codeIgniter4Auth/system/CodeIgniter.php(312): CodeIgniter\CodeIgniter->handleRequest()
#6 /home/thediaf/projects/codeIgniter4Auth/public/index.php(45): CodeIgniter\CodeIgniter->run()
#7 /home/thediaf/projects/codeIgniter4Auth/system/Commands/Server/rewrite.php(34): require_once('/home/thediaf/p...')
#8 {main}
